<?xml version="1.0" encoding="UTF-8"?>
<!-- Generated by org.testng.reporters.JUnitReportReporter -->
<testsuite skipped="0" hostname="MANISH" name="org.qa.tests.GetAPITest" tests="1" failures="0" timestamp="2020-07-14T23:00:00 IST" time="4.289" errors="0">
  <testcase name="getAPITest" time="4.289" classname="org.qa.tests.GetAPITest"/>
  <system-out/>
</testsuite> <!-- org.qa.tests.GetAPITest -->
