<?xml version="1.0" encoding="UTF-8"?>
<!-- Generated by org.testng.reporters.JUnitReportReporter -->
<testsuite skipped="0" hostname="MANISH" name="org.qa.tests.GetAPITest" tests="2" failures="0" timestamp="2020-07-15T22:19:22 IST" time="8.446" errors="0">
  <testcase name="getAPITestWithoutHeaders" time="6.646" classname="org.qa.tests.GetAPITest"/>
  <system-out/>
  <testcase name="getAPITestWithHeaders" time="1.800" classname="org.qa.tests.GetAPITest"/>
  <system-out/>
</testsuite> <!-- org.qa.tests.GetAPITest -->
